TN:
SF:src\domain\entities\Vehicle.ts
FN:34,(anonymous_0)
FN:52,(anonymous_1)
FN:65,(anonymous_2)
FNF:3
FNH:3
FNDA:4,(anonymous_0)
FNDA:4,(anonymous_1)
FNDA:28,(anonymous_2)
DA:1,1
DA:19,1
DA:35,4
DA:36,4
DA:37,4
DA:38,4
DA:39,4
DA:40,4
DA:41,4
DA:42,4
DA:43,4
DA:44,4
DA:45,4
DA:46,4
DA:47,4
DA:49,4
DA:53,4
DA:55,4
DA:65,4
DA:66,28
DA:67,10
DA:71,4
DA:72,3
LF:23
LH:23
BRDA:60,0,0,4
BRDA:60,0,1,4
BRDA:66,1,0,10
BRDA:71,2,0,3
BRF:4
BRH:4
end_of_record
TN:
SF:src\domain\entities\errors\ValidationError.ts
FN:5,(anonymous_0)
FNF:1
FNH:1
FNDA:3,(anonymous_0)
DA:1,1
DA:6,3
DA:7,3
DA:8,3
DA:10,3
LF:5
LH:5
BRF:0
BRH:0
end_of_record
